Arguments: 
  /Users/ricardo/.nvm/versions/node/v10.16.3/bin/node /usr/local/Cellar/yarn/1.17.3/libexec/bin/yarn.js add @babel/core @babel/present-env @babel/preset-react webpack webpack-cli -D

PATH: 
  /usr/local/opt/postgresql@9.6/bin:/usr/local/opt/mysql@5.7/bin:/usr/local/var/rbenv/shims:/Users/ricardo/rar:/usr/local/opt/ruby/bin:/Users/ricardo/.nvm/versions/node/v10.16.3/bin:/usr/local/sbin:/usr/local/bin:/usr/local/heroku/bin:/Volumes/Dados/Users/ricardo/bin/ruby_scripts:/usr/local/opt/node@6/bin:/usr/local/bin:/usr/bin:/bin:/usr/sbin:/sbin:/Users/ricardo/Library/Android/sdk/emulator:/Users/ricardo/Library/Android/sdk/tools:/Users/ricardo/Library/Android/sdk/tools/bin:/Users/ricardo/Library/Android/sdk/platform-tools

Yarn version: 
  1.17.3

Node version: 
  10.16.3

Platform: 
  darwin x64

Trace: 
  Error: https://registry.yarnpkg.com/@babel%2fpresent-env: Not found
      at Request.params.callback [as _callback] (/usr/local/Cellar/yarn/1.17.3/libexec/lib/cli.js:66830:18)
      at Request.self.callback (/usr/local/Cellar/yarn/1.17.3/libexec/lib/cli.js:140464:22)
      at Request.emit (events.js:198:13)
      at Request.<anonymous> (/usr/local/Cellar/yarn/1.17.3/libexec/lib/cli.js:141436:10)
      at Request.emit (events.js:198:13)
      at IncomingMessage.<anonymous> (/usr/local/Cellar/yarn/1.17.3/libexec/lib/cli.js:141358:12)
      at Object.onceWrapper (events.js:286:20)
      at IncomingMessage.emit (events.js:203:15)
      at endReadableNT (_stream_readable.js:1145:12)
      at process._tickCallback (internal/process/next_tick.js:63:19)

npm manifest: 
  {
    "name": "modulo-01",
    "version": "1.0.0",
    "main": "index.js",
    "license": "MIT"
  }

yarn manifest: 
  No manifest

Lockfile: 
  No lockfile
